#
# A fatal error has been detected by the Java Runtime Environment:
#
#  EXCEPTION_ACCESS_VIOLATION (0xc0000005) at pc=0x00007fff45d970f7, pid=9984, tid=11608
#
# JRE version: OpenJDK Runtime Environment (19.0+36) (build 19+36-2238)
# Java VM: OpenJDK 64-Bit Server VM (19+36-2238, mixed mode, sharing, tiered, compressed oops, compressed class ptrs, g1 gc, windows-amd64)
# Problematic frame:
# C  [ig9icd64.dll+0x170f7]
#
# No core dump will be written. Minidumps are not enabled by default on client versions of Windows
#
# If you would like to submit a bug report, please visit:
#   https://bugreport.java.com/bugreport/crash.jsp
# The crash happened outside the Java Virtual Machine in native code.
# See problematic frame for where to report the bug.
#

---------------  S U M M A R Y ------------

Command Line: -javaagent:C:\Users\Ñòóäåíò ÌÏÒ\AppData\Local\JetBrains\IntelliJ IDEA Community Edition 2022.2.3\lib\idea_rt.jar=56685:C:\Users\Ñòóäåíò ÌÏÒ\AppData\Local\JetBrains\IntelliJ IDEA Community Edition 2022.2.3\bin -Dfile.encoding=UTF-8 -Dsun.stdout.encoding=UTF-8 -Dsun.stderr.encoding=UTF-8 Main

Host: Intel(R) Core(TM) i7-9700 CPU @ 3.00GHz, 8 cores, 15G,  Windows 10 , 64 bit Build 19041 (10.0.19041.1889)
Time: Sat Oct  8 09:06:57 2022 RTZ 2 (s 10 , 64 bit Build 19041 (10.0.19041.1889) elapsed time: 2.856564 seconds (0d 0h 0m 2s)

---------------  T H R E A D  ---------------

Current thread (0x000001db9a16f280):  JavaThread "main" [_thread_in_native, id=11608, stack(0x0000002638500000,0x0000002638600000)]

Stack: [0x0000002638500000,0x0000002638600000],  sp=0x00000026385ff400,  free space=1021k
Native frames: (J=compiled Java code, j=interpreted, Vv=VM code, C=native code)
C  [ig9icd64.dll+0x170f7]

Java frames: (J=compiled Java code, j=interpreted, Vv=VM code)
J 1700  org.lwjgl.opengl.GL11C.glClear(I)V (0 bytes) @ 0x000001dbab457ae9 [0x000001dbab457aa0+0x0000000000000049]
j  Core2D.Graphics.Graphics.draw()V+165
j  Core2D.Core2D.Core2D.run()V+45
j  Core2D.Core2D.Core2D.start(Ljava/lang/String;Lorg/joml/Vector2i;)V+28
j  Main.main([Ljava/lang/String;)V+31
v  ~StubRoutines::call_stub 0x000001dbaae2100e

siginfo: EXCEPTION_ACCESS_VIOLATION (0xc0000005), writing address 0x000001dbcef40000


Registers:
RAX=0x00000000680b0000, RBX=0x0000000000000000, RCX=0x000001dbcef40000, RDX=0x00007fff46cbb7e0
RSP=0x00000026385ff400, RBP=0x000001dbcbb42d80, RSI=0x0000000000000410, RDI=0x000001dbcbb77b90
R8 =0x0000000000000004, R9 =0x0000000000000000, R10=0x00007fff7a75c480, R11=0x000001dbab457ac0
R12=0x0000000000000000, R13=0x00000026385ff610, R14=0x000001dbcbc118a0, R15=0x0000000000000000
RIP=0x00007fff45d970f7, EFLAGS=0x0000000000010202


Register to memory mapping:

RIP=0x00007fff45d970f7 ig9icd64.dll
RAX=0x00000000680b0000 is an unknown value
RBX=0x0 is NULL
RCX=0x000001dbcef40000 is an unknown value
RDX=0x00007fff46cbb7e0 ig9icd64.dll
RSP=0x00000026385ff400 is pointing into the stack for thread: 0x000001db9a16f280
RBP=0x000001dbcbb42d80 points into unknown readable memory: 0x000001dbcbaeba00 | 00 ba ae cb db 01 00 00
RSI=0x0000000000000410 is an unknown value
RDI=0x000001dbcbb77b90 points into unknown readable memory: 0x0000000000000000 | 00 00 00 00 00 00 00 00
R8 =0x0000000000000004 is an unknown value
R9 =0x0 is NULL
R10=0x00007fff7a75c480 lwjgl_opengl.dll
R11=0x000001dbab457ac0 is at entry_point+32 in (nmethod*)0x000001dbab457910
Compiled method (n/a)    2895 1700     n 0       org.lwjgl.opengl.GL11C::glClear (native)
 total in heap  [0x000001dbab457910,0x000001dbab457cc0] = 944
 relocation     [0x000001dbab457a70,0x000001dbab457aa0] = 48
 main code      [0x000001dbab457aa0,0x000001dbab457cb4] = 532
 stub code      [0x000001dbab457cb4,0x000001dbab457cb8] = 4
 oops           [0x000001dbab457cb8,0x000001dbab457cc0] = 8
R12=0x0 is NULL
R13=0x00000026385ff610 is pointing into the stack for thread: 0x000001db9a16f280
R14=0x000001dbcbc118a0 points into unknown readable memory: 0x0000010100000000 | 00 00 00 00 01 01 00 00
R15=0x0 is NULL


Top of Stack: (sp=0x00000026385ff400)
0x00000026385ff400:   00001f1c45cbc264 00007fff932fa01d
0x00000026385ff410:   000001db9a16f280 000000070a7362c0
0x00000026385ff420:   0000000000000000 00007fff4662f6f4
0x00000026385ff430:   000000070a736260 000001dbab48dce0
0x00000026385ff440:   000000000000f3e8 00007fff932f2245
0x00000026385ff450:   0000000000000001 000001dbab476dd0
0x00000026385ff460:   000000070a736300 000000070a736260
0x00000026385ff470:   0000000702626490 000000070a7362c0
0x00000026385ff480:   00000000e14e6c67 000000070a736ee8
0x00000026385ff490:   0000000000004100 000001dbcbb42d80
0x00000026385ff4a0:   0000000000000410 00000000000002d0
0x00000026385ff4b0:   00000026385ff570 00007fff4677834a
0x00000026385ff4c0:   000000000000004b 0000000000000001
0x00000026385ff4d0:   000000070a736230 0000000700000000
0x00000026385ff4e0:   0000000000000000 0000000000000410
0x00000026385ff4f0:   00000000000002d0 0000000000000002 

Instructions: (pc=0x00007fff45d970f7)
0x00007fff45d96ff7:   30 48 8b 7c 24 38 48 83 c4 20 5b c3 cc cc cc cc
0x00007fff45d97007:   cc cc cc cc cc cc cc cc cc 48 8b 01 48 85 c0 74
0x00007fff45d97017:   05 48 8b 40 20 c3 48 8b 41 08 48 85 c0 75 f2 c3
0x00007fff45d97027:   cc cc cc cc cc cc cc cc cc 48 8b 81 a8 00 00 00
0x00007fff45d97037:   48 85 c0 74 22 48 8b 88 98 00 00 00 48 85 c9 74
0x00007fff45d97047:   05 48 8b 41 20 c3 48 8b 80 a0 00 00 00 48 85 c0
0x00007fff45d97057:   74 05 48 8b 40 20 c3 33 c0 c3 cc cc cc cc cc cc
0x00007fff45d97067:   cc cc cc cc cc cc cc cc cc c2 00 00 cc cc cc cc
0x00007fff45d97077:   cc cc cc cc cc cc cc cc cc 8b c2 48 8b 84 c1 50
0x00007fff45d97087:   01 00 00 c3 cc cc cc cc cc 48 ff 25 79 e0 ae 00
0x00007fff45d97097:   cc cc cc cc cc cc cc cc cc 48 ff 25 61 e0 ae 00
0x00007fff45d970a7:   cc cc cc cc cc cc cc cc cc 48 83 ec 28 4d 85 c0
0x00007fff45d970b7:   0f 84 60 04 00 00 49 83 f8 04 77 3b 49 83 f8 01
0x00007fff45d970c7:   75 0a 0f b6 02 88 01 48 83 c4 28 c3 49 83 f8 02
0x00007fff45d970d7:   0f 84 3a 04 00 00 49 83 f8 03 75 12 0f b7 02 66
0x00007fff45d970e7:   89 01 0f b6 42 02 88 41 02 48 83 c4 28 c3 8b 02
0x00007fff45d970f7:   89 01 48 83 c4 28 c3 49 83 f8 08 76 2f f6 c1 03
0x00007fff45d97107:   74 2a f6 c1 01 74 0e 0f b6 02 49 ff c8 88 01 48
0x00007fff45d97117:   ff c1 48 ff c2 f6 c1 02 74 12 0f b7 02 49 83 e8
0x00007fff45d97127:   02 66 89 01 48 83 c1 02 48 83 c2 02 49 83 f8 40
0x00007fff45d97137:   0f 87 88 00 00 00 49 8b c0 48 83 e0 fc 48 03 c8
0x00007fff45d97147:   48 03 d0 49 8b c0 48 c1 e8 02 48 ff c8 48 83 f8
0x00007fff45d97157:   0f 0f 87 9f 03 00 00 4c 8d 0d 9b 8e fe ff 41 8b
0x00007fff45d97167:   84 81 24 75 01 00 49 03 c1 ff e0 8b 42 c0 89 41
0x00007fff45d97177:   c0 8b 42 c4 89 41 c4 8b 42 c8 89 41 c8 8b 42 cc
0x00007fff45d97187:   89 41 cc 8b 42 d0 89 41 d0 8b 42 d4 89 41 d4 8b
0x00007fff45d97197:   42 d8 89 41 d8 8b 42 dc 89 41 dc 8b 42 e0 89 41
0x00007fff45d971a7:   e0 8b 42 e4 89 41 e4 8b 42 e8 89 41 e8 8b 42 ec
0x00007fff45d971b7:   89 41 ec 8b 42 f0 89 41 f0 e9 26 03 00 00 48 8b
0x00007fff45d971c7:   c1 83 e0 0f 74 3d 41 b9 10 00 00 00 4c 2b c8 49
0x00007fff45d971d7:   8b c1 49 03 c9 48 c1 e8 02 49 03 d1 48 83 e8 01
0x00007fff45d971e7:   74 18 48 83 e8 01 74 0c 48 83 f8 01 75 12 8b 42 


Stack slot to memory mapping:
stack at sp + 0 slots: 0x00001f1c45cbc264 is an unknown value
stack at sp + 1 slots: 0x00007fff932fa01d java.dll
stack at sp + 2 slots: 0x000001db9a16f280 is a thread
stack at sp + 3 slots: 0x000000070a7362c0 is an oop: jdk.internal.misc.InternalLock 
{0x000000070a7362c0} - klass: 'jdk/internal/misc/InternalLock'
 - ---- fields (total size 2 words):
 - private final 'lock' 'Ljava/util/concurrent/locks/ReentrantLock;' @12  a 'java/util/concurrent/locks/ReentrantLock'{0x000000070a7362d0} (e14e6c5a)
stack at sp + 4 slots: 0x0 is NULL
stack at sp + 5 slots: 0x00007fff4662f6f4 ig9icd64.dll
stack at sp + 6 slots: 0x000000070a736260 is an oop: java.io.FileDescriptor 
{0x000000070a736260} - klass: 'java/io/FileDescriptor'
 - ---- fields (total size 5 words):
 - private 'fd' 'I' @12  -1 (ffffffff)
 - private 'handle' 'J' @16  -1 (ffffffff ffffffff)
 - private 'closed' 'Z' @24  true
 - private 'append' 'Z' @25  true
 - private 'parent' 'Ljava/io/Closeable;' @28  a 'java/io/FileOutputStream'{0x000000070a736230} (e14e6c46)
 - private 'otherParents' 'Ljava/util/List;' @32  NULL (0)
 - private 'cleanup' 'Ljdk/internal/ref/PhantomCleanable;' @36  NULL (0)
stack at sp + 7 slots: 0x000001dbab48dce0 is at entry_point+2720 in (nmethod*)0x000001dbab48cf90
Compiled method (c2)    2900 1807   !   4       sun.nio.cs.StreamEncoder::close (63 bytes)
 total in heap  [0x000001dbab48cf90,0x000001dbab4906d0] = 14144
 relocation     [0x000001dbab48d0f0,0x000001dbab48d238] = 328
 main code      [0x000001dbab48d240,0x000001dbab48f320] = 8416
 stub code      [0x000001dbab48f320,0x000001dbab48f3d0] = 176
 oops           [0x000001dbab48f3d0,0x000001dbab48f3e0] = 16
 metadata       [0x000001dbab48f3e0,0x000001dbab48f5e8] = 520
 scopes data    [0x000001dbab48f5e8,0x000001dbab490010] = 2600
 scopes pcs     [0x000001dbab490010,0x000001dbab490500] = 1264
 dependencies   [0x000001dbab490500,0x000001dbab490540] = 64
 handler table  [0x000001dbab490540,0x000001dbab490660] = 288
 nul chk table  [0x000001dbab490660,0x000001dbab4906d0] = 112


Compiled method (n/a)    2901 1700     n 0       org.lwjgl.opengl.GL11C::glClear (native)
 total in heap  [0x000001dbab457910,0x000001dbab457cc0] = 944
 relocation     [0x000001dbab457a70,0x000001dbab457aa0] = 48
 main code      [0x000001dbab457aa0,0x000001dbab457cb4] = 532
 stub code      [0x000001dbab457cb4,0x000001dbab457cb8] = 4
 oops           [0x000001dbab457cb8,0x000001dbab457cc0] = 8

[Constant Pool (empty)]

[MachCode]
[Entry Point]
  # {method} {0x000001dbbfdd4920} 'glClear' '(I)V' in 'org/lwjgl/opengl/GL11C'
  # parm0:    rdx       = int
  #           [sp+0x70]  (sp of caller)
  0x000001dbab457aa0: 448b 5208 | 49bb 0000 | 0000 0800 | 0000 4d03 | d349 3bc2 | 0f84 0600 

  0x000001dbab457ab8: ;   {runtime_call ic_miss_stub}
  0x000001dbab457ab8: 0000 e9c1 | 9ca2 ff90 
[Verified Entry Point]
  0x000001dbab457ac0: 8984 2400 | 90ff ff55 | 488b ec48 | 83ec 604c 

  0x000001dbab457ad0: ;   {oop(a 'java/lang/Class'{0x000000070276b988} = 'org/lwjgl/opengl/GL11C')}
  0x000001dbab457ad0: 8bc2 49be | 88b9 7602 | 0700 0000 | 4c89 7424 | 504c 8d74 | 2450 498b | d6c5 f877 

  0x000001dbab457aec: ;   {internal_word}
  0x000001dbab457aec: 49ba e97a | 45ab db01 | 0000 4d89 | 97c8 0200 | 0049 89a7 | c002 0000 

  0x000001dbab457b04: ;   {external_word}
  0x000001dbab457b04: 49ba d984 | fb48 ff7f | 0000 4180 | 3a00 0f84 | 4c00 0000 

  0x000001dbab457b18: ;   {metadata({method} {0x000001dbbfdd4920} 'glClear' '(I)V' in 'org/lwjgl/opengl/GL11C')}
  0x000001dbab457b18: 5241 5048 | ba18 49dd | bfdb 0100 | 0049 8bcf | 4883 ec20 | 40f6 c40f | 0f84 1a00 | 0000 4883 
  0x000001dbab457b38: ;   {runtime_call}
  0x000001dbab457b38: ec08 49ba | 902b b348 | ff7f 0000 | 41ff d248 | 83c4 08e9 | 0d00 0000 

  0x000001dbab457b50: ;   {runtime_call}
  0x000001dbab457b50: 49ba 902b | b348 ff7f | 0000 41ff | d248 83c4 | 2041 585a | 498d 8fe0 | 0200 0041 | c787 7403 
  0x000001dbab457b70: 0000 0400 

  0x000001dbab457b74: ;   {runtime_call}
  0x000001dbab457b74: 0000 49ba | 80c4 757a | ff7f 0000 | 41ff d2c5 | f877 41c7 | 8774 0300 | 0005 0000 | 00f0 8344 
  0x000001dbab457b94: 24c0 0049 | 3baf 7803 | 0000 0f87 | 1100 0000 | 4181 bf70 | 0300 0000 | 0000 000f | 8424 0000 
  0x000001dbab457bb4: 00c5 f877 | 498b cf4c | 8be4 4883 | ec20 4883 

  0x000001dbab457bc4: ;   {runtime_call}
  0x000001dbab457bc4: e4f0 49ba | a018 be48 | ff7f 0000 | 41ff d249 | 8be4 4d33 | e441 c787 | 7403 0000 | 0800 0000 
  0x000001dbab457be4: 4181 bfe8 | 0300 0002 | 0000 000f | 8499 0000 

  0x000001dbab457bf4: ;   {external_word}
  0x000001dbab457bf4: 0049 bad9 | 84fb 48ff | 7f00 0041 | 803a 000f | 8446 0000 

  0x000001dbab457c08: ;   {metadata({method} {0x000001dbbfdd4920} 'glClear' '(I)V' in 'org/lwjgl/opengl/GL11C')}
  0x000001dbab457c08: 0048 ba18 | 49dd bfdb | 0100 0049 | 8bcf 4883 | ec20 40f6 | c40f 0f84 | 1a00 0000 | 4883 ec08 
  0x000001dbab457c28: ;   {runtime_call}
  0x000001dbab457c28: 49ba 902b | b348 ff7f | 0000 41ff | d248 83c4 | 08e9 0d00 

  0x000001dbab457c3c: ;   {runtime_call}
  0x000001dbab457c3c: 0000 49ba | 902b b348 | ff7f 0000 | 41ff d248 | 83c4 2049 | c787 c002 | 0000 0000 | 0000 49c7 
  0x000001dbab457c5c: 87c8 0200 | 0000 0000 | 00c5 f877 | 498b 8f50 | 0300 00c7 | 8100 0100 | 0000 0000 | 00c9 4981 
  0x000001dbab457c7c: 7f08 0000 | 0000 0f85 | 0100 0000 

  0x000001dbab457c88: ;   {runtime_call StubRoutines (1)}
  0x000001dbab457c88: c3e9 7292 | 9cff c5f8 | 774c 8be4 | 4883 ec20 | 4883 e4f0 

  0x000001dbab457c9c: ;   {runtime_call}
  0x000001dbab457c9c: 49ba d05f | b348 ff7f | 0000 41ff | d249 8be4 | 4d33 e4e9 | 41ff ffff 
[Stub Code]
  0x000001dbab457cb4: f4f4 f4f4 
[/MachCode]


---------------  P R O C E S S  ---------------

Threads class SMR info:
_java_thread_list=0x000001dbd2fec430, length=14, elements={
0x000001db9a16f280, 0x000001dbbee9e4c0, 0x000001dbbeea1360, 0x000001dbbeea2af0,
0x000001dbbeea65e0, 0x000001dbbeea7050, 0x000001dbbeea7b20, 0x000001dbbeeac920,
0x000001dbc38201d0, 0x000001dbbeeb8600, 0x000001dbc38e3140, 0x000001dbc39f8000,
0x000001dbc39f8540, 0x000001dbcbfbc3d0
}

Java Threads: ( => current thread )
=>0x000001db9a16f280 JavaThread "main" [_thread_in_native, id=11608, stack(0x0000002638500000,0x0000002638600000)]
  0x000001dbbee9e4c0 JavaThread "Reference Handler" daemon [_thread_blocked, id=9676, stack(0x0000002638c00000,0x0000002638d00000)]
  0x000001dbbeea1360 JavaThread "Finalizer" daemon [_thread_blocked, id=9320, stack(0x0000002638d00000,0x0000002638e00000)]
  0x000001dbbeea2af0 JavaThread "Signal Dispatcher" daemon [_thread_blocked, id=11036, stack(0x0000002638e00000,0x0000002638f00000)]
  0x000001dbbeea65e0 JavaThread "Attach Listener" daemon [_thread_blocked, id=6136, stack(0x0000002638f00000,0x0000002639000000)]
  0x000001dbbeea7050 JavaThread "Service Thread" daemon [_thread_blocked, id=10264, stack(0x0000002639000000,0x0000002639100000)]
  0x000001dbbeea7b20 JavaThread "Monitor Deflation Thread" daemon [_thread_blocked, id=8400, stack(0x0000002639100000,0x0000002639200000)]
  0x000001dbbeeac920 JavaThread "C2 CompilerThread0" daemon [_thread_blocked, id=12884, stack(0x0000002639200000,0x0000002639300000)]
  0x000001dbc38201d0 JavaThread "C1 CompilerThread0" daemon [_thread_blocked, id=1128, stack(0x0000002639300000,0x0000002639400000)]
  0x000001dbbeeb8600 JavaThread "Sweeper thread" daemon [_thread_blocked, id=12760, stack(0x0000002639400000,0x0000002639500000)]
  0x000001dbc38e3140 JavaThread "Common-Cleaner" daemon [_thread_blocked, id=11916, stack(0x0000002639500000,0x0000002639600000)]
  0x000001dbc39f8000 JavaThread "Monitor Ctrl-Break" daemon [_thread_in_native, id=2920, stack(0x0000002639700000,0x0000002639800000)]
  0x000001dbc39f8540 JavaThread "Notification Thread" daemon [_thread_blocked, id=12060, stack(0x0000002639800000,0x0000002639900000)]
  0x000001dbcbfbc3d0 JavaThread "C2 CompilerThread1" daemon [_thread_blocked, id=6800, stack(0x0000002639600000,0x0000002639700000)]

Other Threads:
  0x000001dbbee85db0 VMThread "VM Thread" [stack: 0x0000002638b00000,0x0000002638c00000] [id=7728]
  0x000001db9a1702a0 WatcherThread "VM Periodic Task Thread" [stack: 0x0000002639900000,0x0000002639a00000] [id=1828]
  0x000001db9a1ddd80 WorkerThread "GC Thread#0" [stack: 0x0000002638600000,0x0000002638700000] [id=3672]
  0x000001dbcbfc7720 WorkerThread "GC Thread#1" [stack: 0x000000263a100000,0x000000263a200000] [id=9112]
  0x000001dbcbf6e130 WorkerThread "GC Thread#2" [stack: 0x000000263a200000,0x000000263a300000] [id=4104]
  0x000001dbd2b7ecb0 WorkerThread "GC Thread#3" [stack: 0x000000263a300000,0x000000263a400000] [id=12720]
  0x000001dbcbfd01f0 WorkerThread "GC Thread#4" [stack: 0x000000263a400000,0x000000263a500000] [id=11216]
  0x000001dbcbfd1870 WorkerThread "GC Thread#5" [stack: 0x000000263a500000,0x000000263a600000] [id=11792]
  0x000001dbcbfd1b40 WorkerThread "GC Thread#6" [stack: 0x000000263a600000,0x000000263a700000] [id=3668]
  0x000001dbcbfd0790 WorkerThread "GC Thread#7" [stack: 0x000000263a700000,0x000000263a800000] [id=5180]
  0x000001db9a1efc50 ConcurrentGCThread "G1 Main Marker" [stack: 0x0000002638700000,0x0000002638800000] [id=3484]
  0x000001db9a1f0680 WorkerThread "G1 Conc#0" [stack: 0x0000002638800000,0x0000002638900000] [id=12440]
  0x000001dbcbfd1000 WorkerThread "G1 Conc#1" [stack: 0x000000263a000000,0x000000263a100000] [id=2804]
  0x000001dbbed3f010 ConcurrentGCThread "G1 Refine#0" [stack: 0x0000002638900000,0x0000002638a00000] [id=10404]
  0x000001dbbed3fb50 ConcurrentGCThread "G1 Service" [stack: 0x0000002638a00000,0x0000002638b00000] [id=5100]

Threads with active compile tasks:

VM state: not at safepoint (normal execution)

VM Mutex/Monitor currently owned by a thread: None

Heap address: 0x0000000702400000, size: 4060 MB, Compressed Oops mode: Zero based, Oop shift amount: 3

CDS archive(s) mapped at: [0x0000000800000000-0x0000000800c40000-0x0000000800c40000), size 12845056, SharedBaseAddress: 0x0000000800000000, ArchiveRelocationMode: 0.
Compressed class space mapped at: 0x0000000801000000-0x0000000841000000, reserved size: 1073741824
Narrow klass base: 0x0000000800000000, Narrow klass shift: 0, Narrow klass range: 0x100000000

GC Precious Log:
 CardTable entry size: 512
 Card Set container configuration: InlinePtr #cards 4 size 8 Array Of Cards #cards 8 size 32 Howl #buckets 8 coarsen threshold 3686 Howl Bitmap #cards 512 size 80 coarsen threshold 460 Card regions per heap region 1 cards per card region 4096
 CPUs: 8 total, 8 available
 Memory: 16236M
 Large Page Support: Disabled
 NUMA Support: Disabled
 Compressed Oops: Enabled (Zero based)
 Heap Region Size: 2M
 Heap Min Capacity: 8M
 Heap Initial Capacity: 254M
 Heap Max Capacity: 4060M
 Pre-touch: Disabled
 Parallel Workers: 8
 Concurrent Workers: 2
 Concurrent Refinement Workers: 8
 Periodic GC: Disabled

Heap:
 garbage-first heap   total 155648K, used 38129K [0x0000000702400000, 0x0000000800000000)
  region size 2048K, 12 young (24576K), 1 survivors (2048K)
 Metaspace       used 6902K, committed 7104K, reserved 1114112K
  class space    used 414K, committed 512K, reserved 1048576K

Heap Regions: E=young(eden), S=young(survivor), O=old, HS=humongous(starts), HC=humongous(continues), CS=collection set, F=free, OA=open archive, CA=closed archive, TAMS=top-at-mark-start (previous, next)
|   0|0x0000000702400000, 0x00000007024b2e70, 0x0000000702600000| 34%| O|  |TAMS 0x00000007024b2e70, 0x0000000702400000| Untracked 
|   1|0x0000000702600000, 0x00000007027da558, 0x0000000702800000| 92%| O|  |TAMS 0x00000007027da558, 0x0000000702600000| Untracked 
|   2|0x0000000702800000, 0x0000000702a00000, 0x0000000702a00000|100%|HS|  |TAMS 0x0000000702800000, 0x0000000702800000| Complete 
|   3|0x0000000702a00000, 0x0000000702c00000, 0x0000000702c00000|100%|HC|  |TAMS 0x0000000702a00000, 0x0000000702a00000| Complete 
|   4|0x0000000702c00000, 0x0000000702e00000, 0x0000000702e00000|100%|HC|  |TAMS 0x0000000702c00000, 0x0000000702c00000| Complete 
|   5|0x0000000702e00000, 0x0000000702e00000, 0x0000000703000000|  0%| F|  |TAMS 0x0000000702e00000, 0x0000000702e00000| Untracked 
|   6|0x0000000703000000, 0x0000000703001830, 0x0000000703200000|  0%| S|CS|TAMS 0x0000000703000000, 0x0000000703000000| Complete 
|   7|0x0000000703200000, 0x0000000703200000, 0x0000000703400000|  0%| F|  |TAMS 0x0000000703200000, 0x0000000703200000| Untracked 
|   8|0x0000000703400000, 0x00000007034ada00, 0x0000000703600000| 33%| O|  |TAMS 0x000000070348ac00, 0x0000000703400000| Untracked 
|   9|0x0000000703600000, 0x0000000703800000, 0x0000000703800000|100%|HS|  |TAMS 0x0000000703800000, 0x0000000703600000| Complete 
|  10|0x0000000703800000, 0x0000000703a00000, 0x0000000703a00000|100%|HC|  |TAMS 0x0000000703a00000, 0x0000000703800000| Complete 
|  11|0x0000000703a00000, 0x0000000703a00000, 0x0000000703c00000|  0%| F|  |TAMS 0x0000000703a00000, 0x0000000703a00000| Untracked 
|  12|0x0000000703c00000, 0x0000000703c00000, 0x0000000703e00000|  0%| F|  |TAMS 0x0000000703c00000, 0x0000000703c00000| Untracked 
|  13|0x0000000703e00000, 0x0000000704000000, 0x0000000704000000|100%|HS|  |TAMS 0x0000000703e00000, 0x0000000703e00000| Complete 
|  14|0x0000000704000000, 0x0000000704200000, 0x0000000704200000|100%|HC|  |TAMS 0x0000000704000000, 0x0000000704000000| Complete 
|  15|0x0000000704200000, 0x0000000704200000, 0x0000000704400000|  0%| F|  |TAMS 0x0000000704200000, 0x0000000704200000| Untracked 
|  16|0x0000000704400000, 0x0000000704400000, 0x0000000704600000|  0%| F|  |TAMS 0x0000000704400000, 0x0000000704400000| Untracked 
|  17|0x0000000704600000, 0x0000000704600000, 0x0000000704800000|  0%| F|  |TAMS 0x0000000704600000, 0x0000000704600000| Untracked 
|  18|0x0000000704800000, 0x0000000704800000, 0x0000000704a00000|  0%| F|  |TAMS 0x0000000704800000, 0x0000000704800000| Untracked 
|  19|0x0000000704a00000, 0x0000000704a00000, 0x0000000704c00000|  0%| F|  |TAMS 0x0000000704a00000, 0x0000000704a00000| Untracked 
|  20|0x0000000704c00000, 0x0000000704c00000, 0x0000000704e00000|  0%| F|  |TAMS 0x0000000704c00000, 0x0000000704c00000| Untracked 
|  21|0x0000000704e00000, 0x0000000704e00000, 0x0000000705000000|  0%| F|  |TAMS 0x0000000704e00000, 0x0000000704e00000| Untracked 
|  22|0x0000000705000000, 0x0000000705000000, 0x0000000705200000|  0%| F|  |TAMS 0x0000000705000000, 0x0000000705000000| Untracked 
|  23|0x0000000705200000, 0x0000000705200000, 0x0000000705400000|  0%| F|  |TAMS 0x0000000705200000, 0x0000000705200000| Untracked 
|  24|0x0000000705400000, 0x0000000705400000, 0x0000000705600000|  0%| F|  |TAMS 0x0000000705400000, 0x0000000705400000| Untracked 
|  25|0x0000000705600000, 0x0000000705600000, 0x0000000705800000|  0%| F|  |TAMS 0x0000000705600000, 0x0000000705600000| Untracked 
|  26|0x0000000705800000, 0x0000000705800000, 0x0000000705a00000|  0%| F|  |TAMS 0x0000000705800000, 0x0000000705800000| Untracked 
|  27|0x0000000705a00000, 0x0000000705a00000, 0x0000000705c00000|  0%| F|  |TAMS 0x0000000705a00000, 0x0000000705a00000| Untracked 
|  28|0x0000000705c00000, 0x0000000705c00000, 0x0000000705e00000|  0%| F|  |TAMS 0x0000000705c00000, 0x0000000705c00000| Untracked 
|  29|0x0000000705e00000, 0x0000000705e00000, 0x0000000706000000|  0%| F|  |TAMS 0x0000000705e00000, 0x0000000705e00000| Untracked 
|  30|0x0000000706000000, 0x0000000706000000, 0x0000000706200000|  0%| F|  |TAMS 0x0000000706000000, 0x0000000706000000| Untracked 
|  31|0x0000000706200000, 0x0000000706200000, 0x0000000706400000|  0%| F|  |TAMS 0x0000000706200000, 0x0000000706200000| Untracked 
|  32|0x0000000706400000, 0x0000000706400000, 0x0000000706600000|  0%| F|  |TAMS 0x0000000706400000, 0x0000000706400000| Untracked 
|  33|0x0000000706600000, 0x0000000706600000, 0x0000000706800000|  0%| F|  |TAMS 0x0000000706600000, 0x0000000706600000| Untracked 
|  34|0x0000000706800000, 0x0000000706800000, 0x0000000706a00000|  0%| F|  |TAMS 0x0000000706800000, 0x0000000706800000| Untracked 
|  35|0x0000000706a00000, 0x0000000706a00000, 0x0000000706c00000|  0%| F|  |TAMS 0x0000000706a00000, 0x0000000706a00000| Untracked 
|  36|0x0000000706c00000, 0x0000000706c00000, 0x0000000706e00000|  0%| F|  |TAMS 0x0000000706c00000, 0x0000000706c00000| Untracked 
|  37|0x0000000706e00000, 0x0000000706e00000, 0x0000000707000000|  0%| F|  |TAMS 0x0000000706e00000, 0x0000000706e00000| Untracked 
|  38|0x0000000707000000, 0x0000000707000000, 0x0000000707200000|  0%| F|  |TAMS 0x0000000707000000, 0x0000000707000000| Untracked 
|  39|0x0000000707200000, 0x0000000707200000, 0x0000000707400000|  0%| F|  |TAMS 0x0000000707200000, 0x0000000707200000| Untracked 
|  40|0x0000000707400000, 0x0000000707400000, 0x0000000707600000|  0%| F|  |TAMS 0x0000000707400000, 0x0000000707400000| Untracked 
|  41|0x0000000707600000, 0x0000000707600000, 0x0000000707800000|  0%| F|  |TAMS 0x0000000707600000, 0x0000000707600000| Untracked 
|  42|0x0000000707800000, 0x0000000707800000, 0x0000000707a00000|  0%| F|  |TAMS 0x0000000707800000, 0x0000000707800000| Untracked 
|  43|0x0000000707a00000, 0x0000000707a00000, 0x0000000707c00000|  0%| F|  |TAMS 0x0000000707a00000, 0x0000000707a00000| Untracked 
|  44|0x0000000707c00000, 0x0000000707c00000, 0x0000000707e00000|  0%| F|  |TAMS 0x0000000707c00000, 0x0000000707c00000| Untracked 
|  45|0x0000000707e00000, 0x0000000707e00000, 0x0000000708000000|  0%| F|  |TAMS 0x0000000707e00000, 0x0000000707e00000| Untracked 
|  46|0x0000000708000000, 0x0000000708000000, 0x0000000708200000|  0%| F|  |TAMS 0x0000000708000000, 0x0000000708000000| Untracked 
|  47|0x0000000708200000, 0x0000000708200000, 0x0000000708400000|  0%| F|  |TAMS 0x0000000708200000, 0x0000000708200000| Untracked 
|  48|0x0000000708400000, 0x0000000708400000, 0x0000000708600000|  0%| F|  |TAMS 0x0000000708400000, 0x0000000708400000| Untracked 
|  49|0x0000000708600000, 0x0000000708600000, 0x0000000708800000|  0%| F|  |TAMS 0x0000000708600000, 0x0000000708600000| Untracked 
|  50|0x0000000708800000, 0x0000000708800000, 0x0000000708a00000|  0%| F|  |TAMS 0x0000000708800000, 0x0000000708800000| Untracked 
|  51|0x0000000708a00000, 0x0000000708a00000, 0x0000000708c00000|  0%| F|  |TAMS 0x0000000708a00000, 0x0000000708a00000| Untracked 
|  52|0x0000000708c00000, 0x0000000708c00000, 0x0000000708e00000|  0%| F|  |TAMS 0x0000000708c00000, 0x0000000708c00000| Untracked 
|  53|0x0000000708e00000, 0x0000000708e00000, 0x0000000709000000|  0%| F|  |TAMS 0x0000000708e00000, 0x0000000708e00000| Untracked 
|  54|0x0000000709000000, 0x0000000709000000, 0x0000000709200000|  0%| F|  |TAMS 0x0000000709000000, 0x0000000709000000| Untracked 
|  55|0x0000000709200000, 0x0000000709200000, 0x0000000709400000|  0%| F|  |TAMS 0x0000000709200000, 0x0000000709200000| Untracked 
|  56|0x0000000709400000, 0x0000000709400000, 0x0000000709600000|  0%| F|  |TAMS 0x0000000709400000, 0x0000000709400000| Untracked 
|  57|0x0000000709600000, 0x0000000709600000, 0x0000000709800000|  0%| F|  |TAMS 0x0000000709600000, 0x0000000709600000| Untracked 
|  58|0x0000000709800000, 0x0000000709800000, 0x0000000709a00000|  0%| F|  |TAMS 0x0000000709800000, 0x0000000709800000| Untracked 
|  59|0x0000000709a00000, 0x0000000709a00000, 0x0000000709c00000|  0%| F|  |TAMS 0x0000000709a00000, 0x0000000709a00000| Untracked 
|  60|0x0000000709c00000, 0x0000000709c00000, 0x0000000709e00000|  0%| F|  |TAMS 0x0000000709c00000, 0x0000000709c00000| Untracked 
|  61|0x0000000709e00000, 0x0000000709e00000, 0x000000070a000000|  0%| F|  |TAMS 0x0000000709e00000, 0x0000000709e00000| Untracked 
|  62|0x000000070a000000, 0x000000070a000000, 0x000000070a200000|  0%| F|  |TAMS 0x000000070a000000, 0x000000070a000000| Untracked 
|  63|0x000000070a200000, 0x000000070a200000, 0x000000070a400000|  0%| F|  |TAMS 0x000000070a200000, 0x000000070a200000| Untracked 
|  64|0x000000070a400000, 0x000000070a400000, 0x000000070a600000|  0%| F|  |TAMS 0x000000070a400000, 0x000000070a400000| Untracked 
|  65|0x000000070a600000, 0x000000070a748248, 0x000000070a800000| 64%| E|  |TAMS 0x000000070a600000, 0x000000070a600000| Complete 
|  66|0x000000070a800000, 0x000000070aa00000, 0x000000070aa00000|100%| E|CS|TAMS 0x000000070a800000, 0x000000070a800000| Complete 
|  67|0x000000070aa00000, 0x000000070ac00000, 0x000000070ac00000|100%| E|CS|TAMS 0x000000070aa00000, 0x000000070aa00000| Complete 
|  68|0x000000070ac00000, 0x000000070ae00000, 0x000000070ae00000|100%| E|CS|TAMS 0x000000070ac00000, 0x000000070ac00000| Complete 
|  69|0x000000070ae00000, 0x000000070b000000, 0x000000070b000000|100%| E|CS|TAMS 0x000000070ae00000, 0x000000070ae00000| Complete 
|  70|0x000000070b000000, 0x000000070b200000, 0x000000070b200000|100%| E|CS|TAMS 0x000000070b000000, 0x000000070b000000| Complete 
|  71|0x000000070b200000, 0x000000070b400000, 0x000000070b400000|100%| E|CS|TAMS 0x000000070b200000, 0x000000070b200000| Complete 
|  72|0x000000070b400000, 0x000000070b600000, 0x000000070b600000|100%| E|CS|TAMS 0x000000070b400000, 0x000000070b400000| Complete 
|  73|0x000000070b600000, 0x000000070b800000, 0x000000070b800000|100%| E|CS|TAMS 0x000000070b600000, 0x000000070b600000| Complete 
|  74|0x000000070b800000, 0x000000070ba00000, 0x000000070ba00000|100%| E|CS|TAMS 0x000000070b800000, 0x000000070b800000| Complete 
|  75|0x000000070ba00000, 0x000000070bc00000, 0x000000070bc00000|100%| E|CS|TAMS 0x000000070ba00000, 0x000000070ba00000| Complete 

Card table byte_map: [0x000001dbb3b50000,0x000001dbb4340000] _byte_map_base: 0x000001dbb033e000

Marking Bits (Prev, Next): (CMBitMap*) 0x000001db9a1df3c0, (CMBitMap*) 0x000001db9a1df400
 Prev Bits: [0x000001dbb4b30000, 0x000001dbb8aa0000)
 Next Bits: [0x000001dbb8aa0000, 0x000001dbbca10000)

Polling page: 0x000001db9a010000

Metaspace:

Usage:
  Non-class:      6.34 MB used.
      Class:    414.76 KB used.
       Both:      6.74 MB used.

Virtual space:
  Non-class space:       64.00 MB reserved,       6.44 MB ( 10%) committed,  1 nodes.
      Class space:        1.00 GB reserved,     512.00 KB ( <1%) committed,  1 nodes.
             Both:        1.06 GB reserved,       6.94 MB ( <1%) committed. 

Chunk freelists:
   Non-Class:  422.00 KB
       Class:  3.48 MB
        Both:  3.90 MB

MaxMetaspaceSize: unlimited
CompressedClassSpaceSize: 1.00 GB
Initial GC threshold: 21.00 MB
Current GC threshold: 21.00 MB
CDS: on
MetaspaceReclaimPolicy: balanced
 - commit_granule_bytes: 65536.
 - commit_granule_words: 8192.
 - virtual_space_node_default_size: 8388608.
 - enlarge_chunks_in_place: 1.
 - new_chunks_are_fully_committed: 0.
 - uncommit_free_chunks: 1.
 - use_allocation_guard: 0.


Internal statistics:

num_allocs_failed_limit: 0.
num_arena_births: 122.
num_arena_deaths: 0.
num_vsnodes_births: 2.
num_vsnodes_deaths: 0.
num_space_committed: 109.
num_space_uncommitted: 0.
num_chunks_returned_to_freelist: 0.
num_chunks_taken_from_freelist: 291.
num_chunk_merges: 0.
num_chunk_splits: 199.
num_chunks_enlarged: 142.
num_inconsistent_stats: 0.

CodeHeap 'non-profiled nmethods': size=120000Kb used=1103Kb max_used=1103Kb free=118896Kb
 bounds [0x000001dbab3c0000, 0x000001dbab630000, 0x000001dbb28f0000]
CodeHeap 'profiled nmethods': size=120000Kb used=3273Kb max_used=3273Kb free=116726Kb
 bounds [0x000001dba38f0000, 0x000001dba3c30000, 0x000001dbaae20000]
CodeHeap 'non-nmethods': size=5760Kb used=1699Kb max_used=1774Kb free=4060Kb
 bounds [0x000001dbaae20000, 0x000001dbab090000, 0x000001dbab3c0000]
 total_blobs=2925 nmethods=1872 adapters=964
 compilation: enabled
              stopped_count=0, restarted_count=0
 full_count=0

Compilation events (20 events):
Event: 2.010 Thread 0x000001dbbeeac920 nmethod 1861 0x000001dbab4cb710 code [0x000001dbab4cb900, 0x000001dbab4cc568]
Event: 2.010 Thread 0x000001dbbeeac920 1863       4       java.util.Calendar::setWeekCountData (61 bytes)
Event: 2.010 Thread 0x000001dbcbfbc3d0 nmethod 1862 0x000001dbab4ccc10 code [0x000001dbab4cce00, 0x000001dbab4cd8c8]
Event: 2.013 Thread 0x000001dbbeeac920 nmethod 1863 0x000001dbab4cde90 code [0x000001dbab4ce060, 0x000001dbab4ce528]
Event: 2.085 Thread 0x000001dbbeeac920 1865       4       Core2D.Timer.Timer::deltaUpdate (111 bytes)
Event: 2.085 Thread 0x000001dbcbfbc3d0 1866       4       Core2D.Timer.Timer::startFrame (178 bytes)
Event: 2.089 Thread 0x000001dbbeeac920 nmethod 1865 0x000001dbab4cea10 code [0x000001dbab4cec00, 0x000001dbab4cf068]
Event: 2.089 Thread 0x000001dbbeeac920 1868       4       Main$1::onDrawFrame (13 bytes)
Event: 2.091 Thread 0x000001dbbeeac920 nmethod 1868 0x000001dbab4cf590 code [0x000001dbab4cf760, 0x000001dbab4cfb38]
Event: 2.091 Thread 0x000001dbbeeac920 1869       4       Core2D.Utils.ExceptionsUtils::toString (27 bytes)
Event: 2.092 Thread 0x000001dbcbfbc3d0 nmethod 1866 0x000001dbab4cfe90 code [0x000001dbab4d00e0, 0x000001dbab4d0820]
Event: 2.092 Thread 0x000001dbcbfbc3d0 1870       4       java.lang.Throwable::toString (45 bytes)
Event: 2.096 Thread 0x000001dbcbfbc3d0 nmethod 1870 0x000001dbab4d0e10 code [0x000001dbab4d0fc0, 0x000001dbab4d1838]
Event: 2.096 Thread 0x000001dbcbfbc3d0 1871   !   4       java.lang.NullPointerException::getMessage (48 bytes)
Event: 2.097 Thread 0x000001dbcbfbc3d0 nmethod 1871 0x000001dbab4d1a90 code [0x000001dbab4d1c20, 0x000001dbab4d1fc8]
Event: 2.097 Thread 0x000001dbcbfbc3d0 1867       4       Core2D.Core2D.Core2D$2::deltaUpdate (49 bytes)
Event: 2.098 Thread 0x000001dbcbfbc3d0 nmethod 1867 0x000001dbab4d2090 code [0x000001dbab4d2240, 0x000001dbab4d23a8]
Event: 2.101 Thread 0x000001dbbeeac920 nmethod 1869 0x000001dbab4d2510 code [0x000001dbab4d2700, 0x000001dbab4d36f8]
Event: 2.101 Thread 0x000001dbbeeac920 1872       4       Core2D.Camera2D.CamerasManager::getMainCamera2D (4 bytes)
Event: 2.101 Thread 0x000001dbbeeac920 nmethod 1872 0x000001dbab4d3c10 code [0x000001dbab4d3d80, 0x000001dbab4d3df8]

GC Heap History (20 events):
Event: 0.700 GC heap before
{Heap before GC invocations=1 (full 0):
 garbage-first heap   total 260096K, used 27488K [0x0000000702400000, 0x0000000800000000)
  region size 2048K, 15 young (30720K), 2 survivors (4096K)
 Metaspace       used 6346K, committed 6528K, reserved 1114112K
  class space    used 386K, committed 512K, reserved 1048576K
}
Event: 0.705 GC heap after
{Heap after GC invocations=2 (full 1):
 garbage-first heap   total 40960K, used 2745K [0x0000000702400000, 0x0000000800000000)
  region size 2048K, 0 young (0K), 0 survivors (0K)
 Metaspace       used 6346K, committed 6528K, reserved 1114112K
  class space    used 386K, committed 512K, reserved 1048576K
}
Event: 0.917 GC heap before
{Heap before GC invocations=2 (full 1):
 garbage-first heap   total 40960K, used 15033K [0x0000000702400000, 0x0000000800000000)
  region size 2048K, 7 young (14336K), 0 survivors (0K)
 Metaspace       used 6646K, committed 6912K, reserved 1114112K
  class space    used 391K, committed 512K, reserved 1048576K
}
Event: 0.918 GC heap after
{Heap after GC invocations=3 (full 1):
 garbage-first heap   total 40960K, used 4204K [0x0000000702400000, 0x0000000800000000)
  region size 2048K, 1 young (2048K), 1 survivors (2048K)
 Metaspace       used 6646K, committed 6912K, reserved 1114112K
  class space    used 391K, committed 512K, reserved 1048576K
}
Event: 1.093 GC heap before
{Heap before GC invocations=3 (full 1):
 garbage-first heap   total 40960K, used 18540K [0x0000000702400000, 0x0000000800000000)
  region size 2048K, 8 young (16384K), 1 survivors (2048K)
 Metaspace       used 6899K, committed 7104K, reserved 1114112K
  class space    used 414K, committed 512K, reserved 1048576K
}
Event: 1.095 GC heap after
{Heap after GC invocations=4 (full 1):
 garbage-first heap   total 40960K, used 6297K [0x0000000702400000, 0x0000000800000000)
  region size 2048K, 1 young (2048K), 1 survivors (2048K)
 Metaspace       used 6899K, committed 7104K, reserved 1114112K
  class space    used 414K, committed 512K, reserved 1048576K
}
Event: 1.274 GC heap before
{Heap before GC invocations=4 (full 1):
 garbage-first heap   total 40960K, used 22681K [0x0000000702400000, 0x0000000800000000)
  region size 2048K, 8 young (16384K), 1 survivors (2048K)
 Metaspace       used 6899K, committed 7104K, reserved 1114112K
  class space    used 414K, committed 512K, reserved 1048576K
}
Event: 1.275 GC heap after
{Heap after GC invocations=5 (full 1):
 garbage-first heap   total 40960K, used 7506K [0x0000000702400000, 0x0000000800000000)
  region size 2048K, 1 young (2048K), 1 survivors (2048K)
 Metaspace       used 6899K, committed 7104K, reserved 1114112K
  class space    used 414K, committed 512K, reserved 1048576K
}
Event: 1.380 GC heap before
{Heap before GC invocations=5 (full 1):
 garbage-first heap   total 40960K, used 15698K [0x0000000702400000, 0x0000000800000000)
  region size 2048K, 6 young (12288K), 1 survivors (2048K)
 Metaspace       used 6899K, committed 7104K, reserved 1114112K
  class space    used 414K, committed 512K, reserved 1048576K
}
Event: 1.380 GC heap after
{Heap after GC invocations=6 (full 1):
 garbage-first heap   total 40960K, used 7424K [0x0000000702400000, 0x0000000800000000)
  region size 2048K, 1 young (2048K), 1 survivors (2048K)
 Metaspace       used 6899K, committed 7104K, reserved 1114112K
  class space    used 414K, committed 512K, reserved 1048576K
}
Event: 1.498 GC heap before
{Heap before GC invocations=6 (full 1):
 garbage-first heap   total 40960K, used 21760K [0x0000000702400000, 0x0000000800000000)
  region size 2048K, 7 young (14336K), 1 survivors (2048K)
 Metaspace       used 6899K, committed 7104K, reserved 1114112K
  class space    used 414K, committed 512K, reserved 1048576K
}
Event: 1.499 GC heap after
{Heap after GC invocations=7 (full 1):
 garbage-first heap   total 40960K, used 9452K [0x0000000702400000, 0x0000000800000000)
  region size 2048K, 1 young (2048K), 1 survivors (2048K)
 Metaspace       used 6899K, committed 7104K, reserved 1114112K
  class space    used 414K, committed 512K, reserved 1048576K
}
Event: 1.642 GC heap before
{Heap before GC invocations=8 (full 1):
 garbage-first heap   total 49152K, used 25836K [0x0000000702400000, 0x0000000800000000)
  region size 2048K, 7 young (14336K), 1 survivors (2048K)
 Metaspace       used 6899K, committed 7104K, reserved 1114112K
  class space    used 414K, committed 512K, reserved 1048576K
}
Event: 1.643 GC heap after
{Heap after GC invocations=9 (full 1):
 garbage-first heap   total 49152K, used 11497K [0x0000000702400000, 0x0000000800000000)
  region size 2048K, 1 young (2048K), 1 survivors (2048K)
 Metaspace       used 6899K, committed 7104K, reserved 1114112K
  class space    used 414K, committed 512K, reserved 1048576K
}
Event: 1.674 GC heap before
{Heap before GC invocations=9 (full 1):
 garbage-first heap   total 49152K, used 13545K [0x0000000702400000, 0x0000000800000000)
  region size 2048K, 2 young (4096K), 1 survivors (2048K)
 Metaspace       used 6899K, committed 7104K, reserved 1114112K
  class space    used 414K, committed 512K, reserved 1048576K
}
Event: 1.675 GC heap after
{Heap after GC invocations=10 (full 1):
 garbage-first heap   total 49152K, used 11500K [0x0000000702400000, 0x0000000800000000)
  region size 2048K, 1 young (2048K), 1 survivors (2048K)
 Metaspace       used 6899K, committed 7104K, reserved 1114112K
  class space    used 414K, committed 512K, reserved 1048576K
}
Event: 1.732 GC heap before
{Heap before GC invocations=10 (full 1):
 garbage-first heap   total 49152K, used 13548K [0x0000000702400000, 0x0000000800000000)
  region size 2048K, 2 young (4096K), 1 survivors (2048K)
 Metaspace       used 6899K, committed 7104K, reserved 1114112K
  class space    used 414K, committed 512K, reserved 1048576K
}
Event: 1.732 GC heap after
{Heap after GC invocations=11 (full 1):
 garbage-first heap   total 49152K, used 11503K [0x0000000702400000, 0x0000000800000000)
  region size 2048K, 1 young (2048K), 1 survivors (2048K)
 Metaspace       used 6899K, committed 7104K, reserved 1114112K
  class space    used 414K, committed 512K, reserved 1048576K
}
Event: 2.291 GC heap before
{Heap before GC invocations=11 (full 1):
 garbage-first heap   total 49152K, used 34031K [0x0000000702400000, 0x0000000800000000)
  region size 2048K, 12 young (24576K), 1 survivors (2048K)
 Metaspace       used 6902K, committed 7104K, reserved 1114112K
  class space    used 414K, committed 512K, reserved 1048576K
}
Event: 2.291 GC heap after
{Heap after GC invocations=12 (full 1):
 garbage-first heap   total 155648K, used 11505K [0x0000000702400000, 0x0000000800000000)
  region size 2048K, 1 young (2048K), 1 survivors (2048K)
 Metaspace       used 6902K, committed 7104K, reserved 1114112K
  class space    used 414K, committed 512K, reserved 1048576K
}

Dll operation events (13 events):
Event: 0.005 Loaded shared library C:\Users\Ñòóäåíò ÌÏÒ\.jdks\openjdk-19\bin\java.dll
Event: 0.013 Loaded shared library C:\Users\Ñòóäåíò ÌÏÒ\.jdks\openjdk-19\bin\jsvml.dll
Event: 0.055 Loaded shared library C:\Users\Ñòóäåíò ÌÏÒ\.jdks\openjdk-19\bin\zip.dll
Event: 0.057 Loaded shared library C:\Users\Ñòóäåíò ÌÏÒ\.jdks\openjdk-19\bin\instrument.dll
Event: 0.063 Loaded shared library C:\Users\Ñòóäåíò ÌÏÒ\.jdks\openjdk-19\bin\net.dll
Event: 0.065 Loaded shared library C:\Users\Ñòóäåíò ÌÏÒ\.jdks\openjdk-19\bin\nio.dll
Event: 0.070 Loaded shared library C:\Users\Ñòóäåíò ÌÏÒ\.jdks\openjdk-19\bin\zip.dll
Event: 0.084 Loaded shared library C:\Users\Ñòóäåíò ÌÏÒ\.jdks\openjdk-19\bin\extnet.dll
Event: 0.091 Loaded shared library C:\Users\Ñòóäåíò ÌÏÒ\.jdks\openjdk-19\bin\verify.dll
Event: 0.106 Loaded shared library C:\Users\Ñòóäåíò ÌÏÒ\.jdks\openjdk-19\bin\jimage.dll
Event: 0.179 Loaded shared library C:\Users\Ñòóäåíò ÌÏÒ\AppData\Local\Temp\lwjglÑòóäåíò ÌÏÒ\3.3.1-build-7\lwjgl.dll
Event: 0.318 Loaded shared library C:\Users\Ñòóäåíò ÌÏÒ\AppData\Local\Temp\lwjglÑòóäåíò ÌÏÒ\3.3.1-build-7\lwjgl_opengl.dll
Event: 0.488 Loaded shared library C:\Users\Ñòóäåíò ÌÏÒ\AppData\Local\Temp\lwjglÑòóäåíò ÌÏÒ\3.3.1-build-7\lwjgl_stb.dll

Deoptimization events (20 events):
Event: 1.081 Thread 0x000001dbbeea65e0 Uncommon trap: trap_request=0xffffff45 fr.pc=0x000001dbab3e1ff4 relative=0x0000000000000334
Event: 1.081 Thread 0x000001dbbeea65e0 Uncommon trap: reason=unstable_if action=reinterpret pc=0x000001dbab3e1ff4 method=java.util.regex.Pattern$BmpCharPropertyGreedy.match(Ljava/util/regex/Matcher;ILjava/lang/CharSequence;)Z @ 12 c2
Event: 1.081 Thread 0x000001dbbeea65e0 DEOPT PACKING pc=0x000001dbab3e1ff4 sp=0x0000002638ffe450
Event: 1.081 Thread 0x000001dbbeea65e0 DEOPT UNPACKING pc=0x000001dbaae86da3 sp=0x0000002638ffe3e8 mode 2
Event: 1.081 Thread 0x000001dbbeea65e0 Uncommon trap: trap_request=0xffffff45 fr.pc=0x000001dbab44f578 relative=0x0000000000000058
Event: 1.081 Thread 0x000001dbbeea65e0 Uncommon trap: reason=unstable_if action=reinterpret pc=0x000001dbab44f578 method=java.util.Locale.hashCode()I @ 6 c2
Event: 1.081 Thread 0x000001dbbeea65e0 DEOPT PACKING pc=0x000001dbab44f578 sp=0x0000002638ffe000
Event: 1.081 Thread 0x000001dbbeea65e0 DEOPT UNPACKING pc=0x000001dbaae86da3 sp=0x0000002638ffdf98 mode 2
Event: 1.091 Thread 0x000001dbbeea65e0 Uncommon trap: trap_request=0xffffff45 fr.pc=0x000001dbab443a78 relative=0x0000000000000138
Event: 1.091 Thread 0x000001dbbeea65e0 Uncommon trap: reason=unstable_if action=reinterpret pc=0x000001dbab443a78 method=java.util.concurrent.locks.ReentrantLock$Sync.tryRelease(I)Z @ 26 c2
Event: 1.091 Thread 0x000001dbbeea65e0 DEOPT PACKING pc=0x000001dbab443a78 sp=0x0000002638ffed50
Event: 1.091 Thread 0x000001dbbeea65e0 DEOPT UNPACKING pc=0x000001dbaae86da3 sp=0x0000002638ffebe0 mode 2
Event: 1.092 Thread 0x000001dbbeea65e0 Uncommon trap: trap_request=0xffffff45 fr.pc=0x000001dbab4512f4 relative=0x00000000000000d4
Event: 1.092 Thread 0x000001dbbeea65e0 Uncommon trap: reason=unstable_if action=reinterpret pc=0x000001dbab4512f4 method=java.util.concurrent.locks.ReentrantLock$Sync.tryRelease(I)Z @ 26 c2
Event: 1.092 Thread 0x000001dbbeea65e0 DEOPT PACKING pc=0x000001dbab4512f4 sp=0x0000002638ffed00
Event: 1.092 Thread 0x000001dbbeea65e0 DEOPT UNPACKING pc=0x000001dbaae86da3 sp=0x0000002638ffeca0 mode 2
Event: 1.660 Thread 0x000001db9a16f280 Uncommon trap: trap_request=0xffffff45 fr.pc=0x000001dbab49514c relative=0x00000000000023cc
Event: 1.660 Thread 0x000001db9a16f280 Uncommon trap: reason=unstable_if action=reinterpret pc=0x000001dbab49514c method=java.lang.Throwable.getOurStackTrace()[Ljava/lang/StackTraceElement; @ 7 c2
Event: 1.660 Thread 0x000001db9a16f280 DEOPT PACKING pc=0x000001dbab49514c sp=0x00000026385ff3d0
Event: 1.660 Thread 0x000001db9a16f280 DEOPT UNPACKING pc=0x000001dbaae86da3 sp=0x00000026385ff348 mode 2

Classes loaded (20 events):
Event: 1.082 Loading class sun/util/resources/cldr/TimeZoneNames_en_US
Event: 1.082 Loading class sun/util/resources/cldr/TimeZoneNames_en_US done
Event: 1.083 Loading class java/util/LinkedHashMap$LinkedKeySet
Event: 1.083 Loading class java/util/LinkedHashMap$LinkedKeySet done
Event: 1.083 Loading class java/time/zone/ZoneRulesProvider
Event: 1.083 Loading class java/time/zone/ZoneRulesProvider done
Event: 1.083 Loading class java/time/zone/ZoneRulesProvider$1
Event: 1.083 Loading class java/time/zone/ZoneRulesProvider$1 done
Event: 1.083 Loading class java/time/zone/TzdbZoneRulesProvider
Event: 1.083 Loading class java/time/zone/TzdbZoneRulesProvider done
Event: 1.085 Loading class java/time/zone/Ser
Event: 1.085 Loading class java/time/zone/Ser done
Event: 1.086 Loading class java/time/zone/ZoneOffsetTransition
Event: 1.086 Loading class java/time/zone/ZoneOffsetTransition done
Event: 1.087 Loading class sun/util/cldr/CLDRBaseLocaleDataMetaInfo$TZCanonicalIDMapHolder
Event: 1.087 Loading class sun/util/cldr/CLDRBaseLocaleDataMetaInfo$TZCanonicalIDMapHolder done
Event: 1.088 Loading class sun/util/resources/TimeZoneNames
Event: 1.088 Loading class sun/util/resources/TimeZoneNames done
Event: 1.089 Loading class sun/util/resources/TimeZoneNames_en
Event: 1.089 Loading class sun/util/resources/TimeZoneNames_en done

Classes unloaded (0 events):
No events

Classes redefined (0 events):
No events

Internal exceptions (20 events):
Event: 1.658 Thread 0x000001db9a16f280 Implicit null exception at 0x000001dba3c03ddc to 0x000001dba3c05123
Event: 1.658 Thread 0x000001db9a16f280 Exception <a 'java/lang/NullPointerException'{0x000000070535e738}> (0x000000070535e738) 
thrown [s\open\src\hotspot\share\runtime\sharedRuntime.cpp, line 630]
Event: 1.659 Thread 0x000001db9a16f280 Implicit null exception at 0x000001dba3c03ddc to 0x000001dba3c05123
Event: 1.659 Thread 0x000001db9a16f280 Exception <a 'java/lang/NullPointerException'{0x0000000705361d68}> (0x0000000705361d68) 
thrown [s\open\src\hotspot\share\runtime\sharedRuntime.cpp, line 630]
Event: 1.659 Thread 0x000001db9a16f280 Implicit null exception at 0x000001dba3c03ddc to 0x000001dba3c05123
Event: 1.659 Thread 0x000001db9a16f280 Exception <a 'java/lang/NullPointerException'{0x00000007053656f8}> (0x00000007053656f8) 
thrown [s\open\src\hotspot\share\runtime\sharedRuntime.cpp, line 630]
Event: 1.659 Thread 0x000001db9a16f280 Implicit null exception at 0x000001dba3c03ddc to 0x000001dba3c05123
Event: 1.659 Thread 0x000001db9a16f280 Exception <a 'java/lang/NullPointerException'{0x0000000705368d28}> (0x0000000705368d28) 
thrown [s\open\src\hotspot\share\runtime\sharedRuntime.cpp, line 630]
Event: 1.659 Thread 0x000001db9a16f280 Implicit null exception at 0x000001dba3c03ddc to 0x000001dba3c05123
Event: 1.659 Thread 0x000001db9a16f280 Exception <a 'java/lang/NullPointerException'{0x000000070536c358}> (0x000000070536c358) 
thrown [s\open\src\hotspot\share\runtime\sharedRuntime.cpp, line 630]
Event: 1.660 Thread 0x000001db9a16f280 Implicit null exception at 0x000001dba3c03ddc to 0x000001dba3c05123
Event: 1.660 Thread 0x000001db9a16f280 Exception <a 'java/lang/NullPointerException'{0x000000070536f988}> (0x000000070536f988) 
thrown [s\open\src\hotspot\share\runtime\sharedRuntime.cpp, line 630]
Event: 1.660 Thread 0x000001db9a16f280 Implicit null exception at 0x000001dba3c03ddc to 0x000001dba3c05123
Event: 1.660 Thread 0x000001db9a16f280 Exception <a 'java/lang/NullPointerException'{0x0000000705372fb8}> (0x0000000705372fb8) 
thrown [s\open\src\hotspot\share\runtime\sharedRuntime.cpp, line 630]
Event: 1.660 Thread 0x000001db9a16f280 Implicit null exception at 0x000001dba3c03ddc to 0x000001dba3c05123
Event: 1.660 Thread 0x000001db9a16f280 Exception <a 'java/lang/NullPointerException'{0x00000007053765e8}> (0x00000007053765e8) 
thrown [s\open\src\hotspot\share\runtime\sharedRuntime.cpp, line 630]
Event: 1.660 Thread 0x000001db9a16f280 Implicit null exception at 0x000001dba3c03ddc to 0x000001dba3c05123
Event: 1.660 Thread 0x000001db9a16f280 Exception <a 'java/lang/NullPointerException'{0x0000000705379c18}> (0x0000000705379c18) 
thrown [s\open\src\hotspot\share\runtime\sharedRuntime.cpp, line 630]
Event: 1.660 Thread 0x000001db9a16f280 Implicit null exception at 0x000001dba3c03ddc to 0x000001dba3c05123
Event: 1.660 Thread 0x000001db9a16f280 Exception <a 'java/lang/NullPointerException'{0x000000070537d248}> (0x000000070537d248) 
thrown [s\open\src\hotspot\share\runtime\sharedRuntime.cpp, line 630]

VM Operations (20 events):
Event: 1.093 Executing VM operation: G1CollectForAllocation
Event: 1.095 Executing VM operation: G1CollectForAllocation done
Event: 1.274 Executing VM operation: G1CollectForAllocation
Event: 1.275 Executing VM operation: G1CollectForAllocation done
Event: 1.380 Executing VM operation: G1TryInitiateConcMark
Event: 1.380 Executing VM operation: G1TryInitiateConcMark done
Event: 1.498 Executing VM operation: G1TryInitiateConcMark
Event: 1.499 Executing VM operation: G1TryInitiateConcMark done
Event: 1.502 Executing VM operation: G1PauseRemark
Event: 1.503 Executing VM operation: G1PauseRemark done
Event: 1.504 Executing VM operation: G1PauseCleanup
Event: 1.504 Executing VM operation: G1PauseCleanup done
Event: 1.642 Executing VM operation: G1CollectForAllocation
Event: 1.643 Executing VM operation: G1CollectForAllocation done
Event: 1.674 Executing VM operation: G1CollectForAllocation
Event: 1.675 Executing VM operation: G1CollectForAllocation done
Event: 1.732 Executing VM operation: G1CollectForAllocation
Event: 1.732 Executing VM operation: G1CollectForAllocation done
Event: 2.291 Executing VM operation: G1CollectForAllocation
Event: 2.292 Executing VM operation: G1CollectForAllocation done

Events (18 events):
Event: 0.013 Thread 0x000001db9a16f280 Thread added: 0x000001db9a16f280
Event: 0.023 Thread 0x000001dbbee9e4c0 Thread added: 0x000001dbbee9e4c0
Event: 0.023 Thread 0x000001dbbeea1360 Thread added: 0x000001dbbeea1360
Event: 0.024 Thread 0x000001dbbeea2af0 Thread added: 0x000001dbbeea2af0
Event: 0.024 Thread 0x000001dbbeea65e0 Thread added: 0x000001dbbeea65e0
Event: 0.024 Thread 0x000001dbbeea7050 Thread added: 0x000001dbbeea7050
Event: 0.024 Thread 0x000001dbbeea7b20 Thread added: 0x000001dbbeea7b20
Event: 0.024 Thread 0x000001dbbeeac920 Thread added: 0x000001dbbeeac920
Event: 0.024 Thread 0x000001dbc38201d0 Thread added: 0x000001dbc38201d0
Event: 0.024 Thread 0x000001dbbeeb8600 Thread added: 0x000001dbbeeb8600
Event: 0.040 Thread 0x000001dbc38e3140 Thread added: 0x000001dbc38e3140
Event: 0.054 Thread 0x000001dbc3964450 Thread added: 0x000001dbc3964450
Event: 0.079 Thread 0x000001dbc39f8000 Thread added: 0x000001dbc39f8000
Event: 0.079 Thread 0x000001dbc39f8540 Thread added: 0x000001dbc39f8540
Event: 0.313 Thread 0x000001dbc3964450 Thread exited: 0x000001dbc3964450
Event: 0.522 Thread 0x000001dbcbfbc3d0 Thread added: 0x000001dbcbfbc3d0
Event: 0.533 Thread 0x000001dbcbf7cab0 Thread added: 0x000001dbcbf7cab0
Event: 1.258 Thread 0x000001dbcbf7cab0 Thread exited: 0x000001dbcbf7cab0


Dynamic libraries:
0x00007ff6b1c30000 - 0x00007ff6b1c3e000 	C:\Users\Ñòóäåíò ÌÏÒ\.jdks\openjdk-19\bin\java.exe
0x00007fffa8890000 - 0x00007fffa8a88000 	C:\Windows\SYSTEM32\ntdll.dll
0x00007fffa6f60000 - 0x00007fffa701d000 	C:\Windows\System32\KERNEL32.DLL
0x00007fffa6110000 - 0x00007fffa63de000 	C:\Windows\System32\KERNELBASE.dll
0x00007fffa37c0000 - 0x00007fffa3850000 	C:\Windows\SYSTEM32\apphelp.dll
0x00007fffa6530000 - 0x00007fffa6630000 	C:\Windows\System32\ucrtbase.dll
0x00007fff95540000 - 0x00007fff95557000 	C:\Users\Ñòóäåíò ÌÏÒ\.jdks\openjdk-19\bin\jli.dll
0x00007fff93320000 - 0x00007fff9333b000 	C:\Users\Ñòóäåíò ÌÏÒ\.jdks\openjdk-19\bin\VCRUNTIME140.dll
0x00007fffa84f0000 - 0x00007fffa8690000 	C:\Windows\System32\USER32.dll
0x00007fff903a0000 - 0x00007fff9063a000 	C:\Windows\WinSxS\amd64_microsoft.windows.common-controls_6595b64144ccf1df_6.0.19041.1110_none_60b5254171f9507e\COMCTL32.dll
0x00007fffa6630000 - 0x00007fffa6652000 	C:\Windows\System32\win32u.dll
0x00007fffa8820000 - 0x00007fffa884a000 	C:\Windows\System32\GDI32.dll
0x00007fffa6d10000 - 0x00007fffa6dae000 	C:\Windows\System32\msvcrt.dll
0x00007fffa6750000 - 0x00007fffa685b000 	C:\Windows\System32\gdi32full.dll
0x00007fffa6660000 - 0x00007fffa66fd000 	C:\Windows\System32\msvcp_win.dll
0x00007fffa7ad0000 - 0x00007fffa7b00000 	C:\Windows\System32\IMM32.DLL
0x00007fffa3200000 - 0x00007fffa320c000 	C:\Users\Ñòóäåíò ÌÏÒ\.jdks\openjdk-19\bin\vcruntime140_1.dll
0x00007fff8cf40000 - 0x00007fff8cfce000 	C:\Users\Ñòóäåíò ÌÏÒ\.jdks\openjdk-19\bin\msvcp140.dll
0x00007fff483e0000 - 0x00007fff490a0000 	C:\Users\Ñòóäåíò ÌÏÒ\.jdks\openjdk-19\bin\server\jvm.dll
0x00007fffa6900000 - 0x00007fffa69ae000 	C:\Windows\System32\ADVAPI32.dll
0x00007fffa81e0000 - 0x00007fffa827c000 	C:\Windows\System32\sechost.dll
0x00007fffa8690000 - 0x00007fffa87b5000 	C:\Windows\System32\RPCRT4.dll
0x00007fff954f0000 - 0x00007fff954f9000 	C:\Windows\SYSTEM32\WSOCK32.dll
0x00007fff8ea20000 - 0x00007fff8ea47000 	C:\Windows\SYSTEM32\WINMM.dll
0x00007fffa0910000 - 0x00007fffa091a000 	C:\Windows\SYSTEM32\VERSION.dll
0x00007fffa7f90000 - 0x00007fffa7ffb000 	C:\Windows\System32\WS2_32.dll
0x00007fffa3e80000 - 0x00007fffa3e92000 	C:\Windows\SYSTEM32\kernel.appcore.dll
0x00007fffa2260000 - 0x00007fffa226a000 	C:\Users\Ñòóäåíò ÌÏÒ\.jdks\openjdk-19\bin\jimage.dll
0x00007fff8b9a0000 - 0x00007fff8bb84000 	C:\Windows\SYSTEM32\DBGHELP.DLL
0x00007fff8c060000 - 0x00007fff8c08c000 	C:\Windows\SYSTEM32\dbgcore.DLL
0x00007fffa6860000 - 0x00007fffa68e2000 	C:\Windows\System32\bcryptPrimitives.dll
0x00007fff95530000 - 0x00007fff9553e000 	C:\Users\Ñòóäåíò ÌÏÒ\.jdks\openjdk-19\bin\instrument.dll
0x00007fff932f0000 - 0x00007fff93316000 	C:\Users\Ñòóäåíò ÌÏÒ\.jdks\openjdk-19\bin\java.dll
0x00007fff7a8a0000 - 0x00007fff7a977000 	C:\Users\Ñòóäåíò ÌÏÒ\.jdks\openjdk-19\bin\jsvml.dll
0x00007fffa7040000 - 0x00007fffa7783000 	C:\Windows\System32\SHELL32.dll
0x00007fffa4080000 - 0x00007fffa4815000 	C:\Windows\SYSTEM32\windows.storage.dll
0x00007fffa69b0000 - 0x00007fffa6d04000 	C:\Windows\System32\combase.dll
0x00007fffa58c0000 - 0x00007fffa58f0000 	C:\Windows\SYSTEM32\Wldp.dll
0x00007fffa83e0000 - 0x00007fffa848d000 	C:\Windows\System32\SHCORE.dll
0x00007fffa8490000 - 0x00007fffa84e5000 	C:\Windows\System32\shlwapi.dll
0x00007fffa5ef0000 - 0x00007fffa5f0f000 	C:\Windows\SYSTEM32\profapi.dll
0x00007fff91550000 - 0x00007fff91568000 	C:\Users\Ñòóäåíò ÌÏÒ\.jdks\openjdk-19\bin\zip.dll
0x00007fff91940000 - 0x00007fff91953000 	C:\Users\Ñòóäåíò ÌÏÒ\.jdks\openjdk-19\bin\net.dll
0x00007fffa0340000 - 0x00007fffa044a000 	C:\Windows\SYSTEM32\WINHTTP.dll
0x00007fffa5640000 - 0x00007fffa56aa000 	C:\Windows\system32\mswsock.dll
0x00007fff916c0000 - 0x00007fff916d6000 	C:\Users\Ñòóäåíò ÌÏÒ\.jdks\openjdk-19\bin\nio.dll
0x00007fff932e0000 - 0x00007fff932e8000 	C:\Users\Ñòóäåíò ÌÏÒ\.jdks\openjdk-19\bin\extnet.dll
0x00007fff93260000 - 0x00007fff93270000 	C:\Users\Ñòóäåíò ÌÏÒ\.jdks\openjdk-19\bin\verify.dll
0x00007fff7a820000 - 0x00007fff7a895000 	C:\Users\Ñòóäåíò ÌÏÒ\AppData\Local\Temp\lwjglÑòóäåíò ÌÏÒ\3.3.1-build-7\lwjgl.dll
0x00007fff7a7b0000 - 0x00007fff7a811000 	C:\Users\1F2D~1\AppData\Local\Temp\lwjglÑòóäåíò ÌÏÒ\3.3.1-build-7\glfw.dll
0x00007fff8ce80000 - 0x00007fff8cec5000 	C:\Windows\SYSTEM32\dinput8.dll
0x00007fff8cd00000 - 0x00007fff8cd11000 	C:\Windows\SYSTEM32\xinput1_4.dll
0x00007fffa6700000 - 0x00007fffa674e000 	C:\Windows\System32\cfgmgr32.dll
0x00007fffa5cf0000 - 0x00007fffa5d1c000 	C:\Windows\SYSTEM32\DEVOBJ.dll
0x00007fffa3ab0000 - 0x00007fffa3adf000 	C:\Windows\SYSTEM32\dwmapi.dll
0x00007fff937d0000 - 0x00007fff93922000 	C:\Windows\SYSTEM32\inputhost.dll
0x00007fffa79a0000 - 0x00007fffa7a6d000 	C:\Windows\System32\OLEAUT32.dll
0x00007fffa23b0000 - 0x00007fffa2504000 	C:\Windows\SYSTEM32\wintypes.dll
0x00007fffa3590000 - 0x00007fffa3682000 	C:\Windows\SYSTEM32\CoreMessaging.dll
0x00007fffa2110000 - 0x00007fffa2206000 	C:\Windows\SYSTEM32\PROPSYS.dll
0x00007fffa2dd0000 - 0x00007fffa312e000 	C:\Windows\SYSTEM32\CoreUIComponents.dll
0x00007fffa4c70000 - 0x00007fffa4ca3000 	C:\Windows\SYSTEM32\ntmarta.dll
0x00007fffa3950000 - 0x00007fffa39ee000 	C:\Windows\system32\uxtheme.dll
0x00007fffa6e40000 - 0x00007fffa6f55000 	C:\Windows\System32\MSCTF.dll
0x00007fff866a0000 - 0x00007fff867c7000 	C:\Windows\SYSTEM32\opengl32.dll
0x00007fff8cc00000 - 0x00007fff8cc2c000 	C:\Windows\SYSTEM32\GLU32.dll
0x00007fffa8130000 - 0x00007fffa81d9000 	C:\Windows\System32\clbcatq.dll
0x00007fff45d80000 - 0x00007fff46d9a000 	C:\Windows\System32\DriverStore\FileRepository\iigd_dch.inf_amd64_a934a9379f55edc8\ig9icd64.dll
0x00007fffa8000000 - 0x00007fffa812a000 	C:\Windows\System32\ole32.dll
0x00007fffa4950000 - 0x00007fffa4a43000 	C:\Windows\system32\dxgi.dll
0x00007fff480f0000 - 0x00007fff483de000 	C:\Windows\System32\DriverStore\FileRepository\iigd_dch.inf_amd64_a934a9379f55edc8\igdml64.dll
0x00007fff999d0000 - 0x00007fff99d98000 	C:\Windows\System32\DriverStore\FileRepository\iigd_dch.inf_amd64_a934a9379f55edc8\igdgmm64.dll
0x00007fff963e0000 - 0x00007fff999c6000 	C:\Windows\System32\DriverStore\FileRepository\iigd_dch.inf_amd64_a934a9379f55edc8\igc64.dll
0x00007fffa5d70000 - 0x00007fffa5dbb000 	C:\Windows\SYSTEM32\powrprof.dll
0x00007fffa5d50000 - 0x00007fffa5d62000 	C:\Windows\SYSTEM32\UMPDC.dll
0x00007fff9bae0000 - 0x00007fff9bbd9000 	C:\Windows\SYSTEM32\textinputframework.dll
0x00007fff7a750000 - 0x00007fff7a7ad000 	C:\Users\Ñòóäåíò ÌÏÒ\AppData\Local\Temp\lwjglÑòóäåíò ÌÏÒ\3.3.1-build-7\lwjgl_opengl.dll
0x00007fff7a6c0000 - 0x00007fff7a741000 	C:\Users\Ñòóäåíò ÌÏÒ\AppData\Local\Temp\lwjglÑòóäåíò ÌÏÒ\3.3.1-build-7\lwjgl_stb.dll

dbghelp: loaded successfully - version: 4.0.5 - missing functions: none
symbol engine: initialized successfully - sym options: 0x614 - pdb path: .;C:\Users\Ñòóäåíò ÌÏÒ\.jdks\openjdk-19\bin;C:\Windows\SYSTEM32;C:\Windows\WinSxS\amd64_microsoft.windows.common-controls_6595b64144ccf1df_6.0.19041.1110_none_60b5254171f9507e;C:\Users\Ñòóäåíò ÌÏÒ\.jdks\openjdk-19\bin\server;C:\Users\Ñòóäåíò ÌÏÒ\AppData\Local\Temp\lwjglÑòóäåíò ÌÏÒ\3.3.1-build-7;C:\Users\1F2D~1\AppData\Local\Temp\lwjglÑòóäåíò ÌÏÒ\3.3.1-build-7;C:\Windows\System32\DriverStore\FileRepository\iigd_dch.inf_amd64_a934a9379f55edc8

VM Arguments:
jvm_args: -javaagent:C:\Users\Ñòóäåíò ÌÏÒ\AppData\Local\JetBrains\IntelliJ IDEA Community Edition 2022.2.3\lib\idea_rt.jar=56685:C:\Users\Ñòóäåíò ÌÏÒ\AppData\Local\JetBrains\IntelliJ IDEA Community Edition 2022.2.3\bin -Dfile.encoding=UTF-8 -Dsun.stdout.encoding=UTF-8 -Dsun.stderr.encoding=UTF-8 
java_command: Main
java_class_path (initial): C:\Users\Ñòóäåíò ÌÏÒ\IdeaProjects\game\out\production\game;C:\Users\Ñòóäåíò ÌÏÒ\IdeaProjects\game\lib\Core2D.jar
Launcher Type: SUN_STANDARD

[Global flags]
     intx CICompilerCount                          = 4                                         {product} {ergonomic}
     uint ConcGCThreads                            = 2                                         {product} {ergonomic}
     uint G1ConcRefinementThreads                  = 8                                         {product} {ergonomic}
   size_t G1HeapRegionSize                         = 2097152                                   {product} {ergonomic}
    uintx GCDrainStackTargetSize                   = 64                                        {product} {ergonomic}
   size_t InitialHeapSize                          = 266338304                                 {product} {ergonomic}
   size_t MarkStackSize                            = 4194304                                   {product} {ergonomic}
   size_t MaxHeapSize                              = 4257218560                                {product} {ergonomic}
   size_t MaxNewSize                               = 2554331136                                {product} {ergonomic}
   size_t MinHeapDeltaBytes                        = 2097152                                   {product} {ergonomic}
   size_t MinHeapSize                              = 8388608                                   {product} {ergonomic}
    uintx NonNMethodCodeHeapSize                   = 5839372                                {pd product} {ergonomic}
    uintx NonProfiledCodeHeapSize                  = 122909434                              {pd product} {ergonomic}
    uintx ProfiledCodeHeapSize                     = 122909434                              {pd product} {ergonomic}
    uintx ReservedCodeCacheSize                    = 251658240                              {pd product} {ergonomic}
     bool SegmentedCodeCache                       = true                                      {product} {ergonomic}
   size_t SoftMaxHeapSize                          = 4257218560                             {manageable} {ergonomic}
     bool UseCompressedClassPointers               = true                           {product lp64_product} {ergonomic}
     bool UseCompressedOops                        = true                           {product lp64_product} {ergonomic}
     bool UseG1GC                                  = true                                      {product} {ergonomic}
     bool UseLargePagesIndividualAllocation        = false                                  {pd product} {ergonomic}

Logging:
Log output configuration:
 #0: stdout all=warning uptime,level,tags foldmultilines=false
 #1: stderr all=off uptime,level,tags foldmultilines=false

Environment Variables:
PATH=C:\Program Files\Microsoft MPI\Bin\;E:\bin\;C:\Windows\system32;C:\Windows;C:\Windows\System32\Wbem;C:\Windows\System32\WindowsPowerShell\v1.0\;C:\Windows\System32\OpenSSH\;C:\Program Files\PuTTY\;C:\Program Files\dotnet\;C:\Program Files\Common Files\Autodesk Shared\;C:\Program Files\Microsoft SQL Server\Client SDK\ODBC\130\Tools\Binn\;C:\Program Files (x86)\Microsoft SQL Server\140\Tools\Binn\;C:\Program Files\Microsoft SQL Server\140\Tools\Binn\;C:\Program Files\Microsoft SQL Server\140\DTS\Binn\;C:\Program Files (x86)\Microsoft SQL Server\140\DTS\Binn\;C:\Program Files (x86)\Microsoft SQL Server\150\DTS\Binn\;C:\Program Files\Azure Data Studio\bin;C:\Users\Ñòóäåíò ÌÏÒ\AppData\Local\Microsoft\WindowsApps;C:\Git\cmd;C:\Users\Ñòóäåíò ÌÏÒ\AppData\Local\Programs\Microsoft VS Code\bin
USERNAME=Ñòóäåíò ÌÏÒ
OS=Windows_NT
PROCESSOR_IDENTIFIER=Intel64 Family 6 Model 158 Stepping 13, GenuineIntel
TMP=C:\Users\1F2D~1\AppData\Local\Temp
TEMP=C:\Users\1F2D~1\AppData\Local\Temp



---------------  S Y S T E M  ---------------

OS:
 Windows 10 , 64 bit Build 19041 (10.0.19041.1889)
OS uptime: 3 days 22:52 hours
Hyper-V role detected

CPU: total 8 (initial active 8) (8 cores per cpu, 1 threads per core) family 6 model 158 stepping 13 microcode 0xca, cx8, cmov, fxsr, mmx, 3dnowpref, sse, sse2, sse3, ssse3, sse4.1, sse4.2, popcnt, lzcnt, tsc, tscinvbit, avx, avx2, aes, erms, clmul, bmi1, bmi2, adx, fma, vzeroupper, clflush, clflushopt, hv, rdtscp

Memory: 4k page, system-wide physical 16236M (8475M free)
TotalPageFile size 18668M (AvailPageFile size 10943M)
current process WorkingSet (physical memory assigned to process): 201M, peak: 201M
current process commit charge ("private bytes"): 293M, peak: 409M

vm_info: OpenJDK 64-Bit Server VM (19+36-2238) for windows-amd64 JRE (19+36-2238), built on 2022-08-12T20:29:01Z by "mach5one" with MS VC++ 17.1 (VS2022)

END.
